<?xml version="1.0" encoding="UTF-8"?>
<!-- Generated by org.testng.reporters.JUnitReportReporter -->
<testsuite hostname="LAPTOP-UJMV62ID" failures="0" tests="3" name="com.testNG.Assertverification" time="22.471" errors="0" timestamp="10 Jul 2018 13:19:36 GMT" skipped="0">
  <testcase classname="com.testNG.Assertverification" name="GoogleTitle" time="7.053"/>
  <testcase classname="com.testNG.Assertverification" name="Googlemail" time="7.504"/>
  <testcase classname="com.testNG.Assertverification" name="GoogleIma" time="7.914"/>
</testsuite> <!-- com.testNG.Assertverification -->
