<?xml version="1.0" encoding="UTF-8"?>
<!-- Generated by org.testng.reporters.JUnitReportReporter -->
<testsuite hostname="LAPTOP-UJMV62ID" failures="0" tests="1" name="com.testNG.ExpectedException" time="0.001" errors="0" timestamp="10 Jul 2018 13:19:36 GMT" skipped="0">
  <testcase classname="com.testNG.ExpectedException" name="sum" time="0.001"/>
</testsuite> <!-- com.testNG.ExpectedException -->
