<?xml version="1.0" encoding="UTF-8"?>
<!-- Generated by org.testng.reporters.JUnitReportReporter -->
<testsuite hostname="LAPTOP-UJMV62ID" failures="0" tests="15" name="com.testNG.InvocationCountTest" time="0.019" errors="0" timestamp="10 Jul 2018 13:19:36 GMT" skipped="0">
  <testcase classname="com.testNG.InvocationCountTest" name="sum" time="0.001"/>
  <testcase classname="com.testNG.InvocationCountTest" name="sum" time="0.001"/>
  <testcase classname="com.testNG.InvocationCountTest" name="sum" time="0.001"/>
  <testcase classname="com.testNG.InvocationCountTest" name="sum" time="0.001"/>
  <testcase classname="com.testNG.InvocationCountTest" name="sum" time="0.001"/>
  <testcase classname="com.testNG.InvocationCountTest" name="sum" time="0.001"/>
  <testcase classname="com.testNG.InvocationCountTest" name="sum" time="0.001"/>
  <testcase classname="com.testNG.InvocationCountTest" name="sum" time="0.001"/>
  <testcase classname="com.testNG.InvocationCountTest" name="sum" time="0.002"/>
  <testcase classname="com.testNG.InvocationCountTest" name="sum" time="0.001"/>
  <testcase classname="com.testNG.InvocationCountTest" name="sum" time="0.001"/>
  <testcase classname="com.testNG.InvocationCountTest" name="sum" time="0.001"/>
  <testcase classname="com.testNG.InvocationCountTest" name="sum" time="0.001"/>
  <testcase classname="com.testNG.InvocationCountTest" name="sum" time="0.004"/>
  <testcase classname="com.testNG.InvocationCountTest" name="sum" time="0.001"/>
</testsuite> <!-- com.testNG.InvocationCountTest -->
