<?xml version="1.0" encoding="UTF-8"?>
<!-- Generated by org.testng.reporters.JUnitReportReporter -->
<testsuite hostname="LAPTOP-UJMV62ID" failures="0" tests="4" name="com.testNG.DependsOn" time="0.005" errors="0" timestamp="10 Jul 2018 13:19:36 GMT" skipped="0">
  <testcase classname="com.testNG.DependsOn" name="Login" time="0.001"/>
  <testcase classname="com.testNG.DependsOn" name="Contact" time="0.002"/>
  <testcase classname="com.testNG.DependsOn" name="Reg" time="0.001"/>
  <testcase classname="com.testNG.DependsOn" name="Home" time="0.001"/>
</testsuite> <!-- com.testNG.DependsOn -->
