<?xml version="1.0" encoding="UTF-8"?>
<!-- Generated by org.testng.reporters.JUnitReportReporter -->
<testsuite hostname="LAPTOP-UJMV62ID" failures="0" tests="3" name="com.testNG.TestNGbasics" time="0.009" errors="0" timestamp="10 Jul 2018 09:43:59 GMT" skipped="0">
  <testcase classname="com.testNG.TestNGbasics" name="ImageTest" time="0.001"/>
  <testcase classname="com.testNG.TestNGbasics" name="Googletest" time="0.004"/>
  <testcase classname="com.testNG.TestNGbasics" name="SearchBox" time="0.004"/>
</testsuite> <!-- com.testNG.TestNGbasics -->
